<?xml version="1.0" encoding="UTF-8"?>
<!-- Generated by org.testng.reporters.JUnitReportReporter -->
<testsuite hostname="SarthakDell" failures="0" tests="1" name="com.automation.Day19_Apr_2nd_2025_Dynamic_Dropdown.AutoSuggestive_Dropdown" time="18.308" errors="0" timestamp="2025-04-02T21:16:07 EDT" skipped="0">
  <testcase classname="com.automation.Day19_Apr_2nd_2025_Dynamic_Dropdown.AutoSuggestive_Dropdown" name="bootstrapdropdown" time="18.308"/>
</testsuite> <!-- com.automation.Day19_Apr_2nd_2025_Dynamic_Dropdown.AutoSuggestive_Dropdown -->
