<?xml version="1.0" encoding="UTF-8"?>
<!-- Generated by org.testng.reporters.JUnitReportReporter -->
<testsuite hostname="SarthakDell" failures="0" tests="2" name="com.automation.Day13_Mar_12th_2025_TestNG_Introduction.Topic5_Practical_Importance_of_TriCombo" time="13.727" errors="0" timestamp="2025-03-12T22:27:38 EDT" skipped="0">
  <testcase classname="com.automation.Day13_Mar_12th_2025_TestNG_Introduction.Topic5_Practical_Importance_of_TriCombo" name="verifyLoginWithInvalidCredentials" time="7.215"/>
  <testcase classname="com.automation.Day13_Mar_12th_2025_TestNG_Introduction.Topic5_Practical_Importance_of_TriCombo" name="verifyLoginWithValidCredentials" time="6.512"/>
</testsuite> <!-- com.automation.Day13_Mar_12th_2025_TestNG_Introduction.Topic5_Practical_Importance_of_TriCombo -->
