<?xml version="1.0" encoding="UTF-8"?>
<!-- Generated by org.testng.reporters.JUnitReportReporter -->
<testsuite hostname="SarthakDell" failures="0" tests="1" name="com.automation.Day16_Mar_25th_2025_File_Upload.Demo" time="7.110" errors="0" timestamp="2025-03-25T21:22:00 EDT" skipped="0">
  <testcase classname="com.automation.Day16_Mar_25th_2025_File_Upload.Demo" name="uploadDemo" time="7.110"/>
</testsuite> <!-- com.automation.Day16_Mar_25th_2025_File_Upload.Demo -->
