<?xml version="1.0" encoding="UTF-8"?>
<!-- Generated by org.testng.reporters.JUnitReportReporter -->
<testsuite hostname="SarthakDell" failures="0" tests="3" name="com.automation.Day15_Mar_19th_2025_TestNG_DataProvider.Topic1_Rules" time="0.033" errors="0" timestamp="2025-03-19T22:23:44 EDT" skipped="0">
  <testcase classname="com.automation.Day15_Mar_19th_2025_TestNG_DataProvider.Topic1_Rules" name="checkResult" time="0.021"/>
  <testcase classname="com.automation.Day15_Mar_19th_2025_TestNG_DataProvider.Topic1_Rules" name="checkResult" time="0.007"/>
  <testcase classname="com.automation.Day15_Mar_19th_2025_TestNG_DataProvider.Topic1_Rules" name="checkResult" time="0.005"/>
</testsuite> <!-- com.automation.Day15_Mar_19th_2025_TestNG_DataProvider.Topic1_Rules -->
