<?xml version="1.0" encoding="UTF-8"?>
<!-- Generated by org.testng.reporters.JUnitReportReporter -->
<testsuite hostname="SarthakDell" failures="0" tests="3" name="com.automation.Day15_Mar_19th_2025_TestNG_Batch_Execution.Register_TN" time="27.229" errors="0" timestamp="2025-03-19T21:26:19 EDT" skipped="0">
  <testcase classname="com.automation.Day15_Mar_19th_2025_TestNG_Batch_Execution.Register_TN" name="registerWithMandatoryDetails" time="8.710"/>
  <testcase classname="com.automation.Day15_Mar_19th_2025_TestNG_Batch_Execution.Register_TN" name="registerWithAllDetails" time="9.060"/>
  <testcase classname="com.automation.Day15_Mar_19th_2025_TestNG_Batch_Execution.Register_TN" name="registerWithNoDetails" time="9.459"/>
</testsuite> <!-- com.automation.Day15_Mar_19th_2025_TestNG_Batch_Execution.Register_TN -->
