<?xml version="1.0" encoding="UTF-8"?>
<!-- Generated by org.testng.reporters.JUnitReportReporter -->
<testsuite hostname="SarthakDell" failures="0" tests="2" name="com.automation.Day13_Mar_12th_2025_TestNG_Introduction.Topic3_Important_Annotations" time="0.046" errors="0" timestamp="2025-03-12T22:14:01 EDT" skipped="0">
  <testcase classname="com.automation.Day13_Mar_12th_2025_TestNG_Introduction.Topic3_Important_Annotations" name="loginTest" time="0.014"/>
  <testcase classname="com.automation.Day13_Mar_12th_2025_TestNG_Introduction.Topic3_Important_Annotations" name="registerTest" time="0.032"/>
</testsuite> <!-- com.automation.Day13_Mar_12th_2025_TestNG_Introduction.Topic3_Important_Annotations -->
