<?xml version="1.0" encoding="UTF-8"?>
<!-- Generated by org.testng.reporters.JUnitReportReporter -->
<testsuite hostname="SarthakDell" failures="0" tests="1" name="com.automation.Day19_Apr_2nd_2025_Bootstrap_DropDown.HDFC_Bank" time="2.649" errors="0" timestamp="2025-04-02T20:51:21 EDT" skipped="0">
  <testcase classname="com.automation.Day19_Apr_2nd_2025_Bootstrap_DropDown.HDFC_Bank" name="bootstrapdropdown" time="2.649"/>
</testsuite> <!-- com.automation.Day19_Apr_2nd_2025_Bootstrap_DropDown.HDFC_Bank -->
