<?xml version="1.0" encoding="UTF-8"?>
<!-- Generated by org.testng.reporters.JUnitReportReporter -->
<testsuite hostname="SarthakDell" failures="0" tests="5" name="com.automation.Day18_Apr_1st_2025_Application_of_OOPs_in_Automation.LoginTest" time="32.733" errors="0" timestamp="2025-04-01T20:40:21 EDT" skipped="0">
  <testcase classname="com.automation.Day18_Apr_1st_2025_Application_of_OOPs_in_Automation.LoginTest" name="verifyLoginWithValidCredentials" time="7.546"/>
  <testcase classname="com.automation.Day18_Apr_1st_2025_Application_of_OOPs_in_Automation.LoginTest" name="verifyLoginWithInvalidEmailValidPassword" time="6.809"/>
  <testcase classname="com.automation.Day18_Apr_1st_2025_Application_of_OOPs_in_Automation.LoginTest" name="verifyLoginWithValidEmailInvalidPassword" time="6.726"/>
  <testcase classname="com.automation.Day18_Apr_1st_2025_Application_of_OOPs_in_Automation.LoginTest" name="verifyLoginWithValidNoCredentials" time="5.870"/>
  <testcase classname="com.automation.Day18_Apr_1st_2025_Application_of_OOPs_in_Automation.LoginTest" name="verifyLoginWithValidInvalidCredentials" time="5.782"/>
</testsuite> <!-- com.automation.Day18_Apr_1st_2025_Application_of_OOPs_in_Automation.LoginTest -->
