<?xml version="1.0" encoding="UTF-8"?>
<!-- Generated by org.testng.reporters.JUnitReportReporter -->
<testsuite hostname="SarthakDell" failures="0" tests="3" name="com.automation.Day15_Mar_19th_2025_TestNG_Batch_Execution.SearchProduct_TN" time="19.798" errors="0" timestamp="2025-03-19T21:26:19 EDT" skipped="0">
  <testcase classname="com.automation.Day15_Mar_19th_2025_TestNG_Batch_Execution.SearchProduct_TN" name="verifySearchOfValidProduct" time="7.257"/>
  <testcase classname="com.automation.Day15_Mar_19th_2025_TestNG_Batch_Execution.SearchProduct_TN" name="verifySearchOfInvalidProduct" time="6.225"/>
  <testcase classname="com.automation.Day15_Mar_19th_2025_TestNG_Batch_Execution.SearchProduct_TN" name="verifySearchOfNoProduct" time="6.316"/>
</testsuite> <!-- com.automation.Day15_Mar_19th_2025_TestNG_Batch_Execution.SearchProduct_TN -->
