<?xml version="1.0" encoding="UTF-8"?>
<!-- Generated by org.testng.reporters.JUnitReportReporter -->
<testsuite hostname="SarthakDell" failures="0" tests="5" name="com.automation.Day19_Apr_2nd_2025_Recording.RegisterTest" time="40.043" errors="0" timestamp="2025-04-02T20:46:40 EDT" skipped="0">
  <testcase classname="com.automation.Day19_Apr_2nd_2025_Recording.RegisterTest" name="verifyRegisterWithMandatoryDetails" time="8.813"/>
  <testcase classname="com.automation.Day19_Apr_2nd_2025_Recording.RegisterTest" name="verifyRegisterWithAllDetails" time="8.640"/>
  <testcase classname="com.automation.Day19_Apr_2nd_2025_Recording.RegisterTest" name="verifyRegisterWithExistingEmail" time="7.426"/>
  <testcase classname="com.automation.Day19_Apr_2nd_2025_Recording.RegisterTest" name="verifyRegisterWithIncorrectConfirmPasswored" time="8.555"/>
  <testcase classname="com.automation.Day19_Apr_2nd_2025_Recording.RegisterTest" name="verifyRegisterWithNoDetails" time="6.609"/>
</testsuite> <!-- com.automation.Day19_Apr_2nd_2025_Recording.RegisterTest -->
