<?xml version="1.0" encoding="UTF-8"?>
<!-- Generated by org.testng.reporters.JUnitReportReporter -->
<testsuite hostname="SarthakDell" failures="0" tests="1" name="com.automation.Day19_Apr_2nd_2025_WebTables.What_is_a_WebTable" time="7.414" errors="0" timestamp="2025-04-02T21:55:24 EDT" skipped="0">
  <testcase classname="com.automation.Day19_Apr_2nd_2025_WebTables.What_is_a_WebTable" name="identifyCurrentPriceOfShivaCement" time="7.414"/>
</testsuite> <!-- com.automation.Day19_Apr_2nd_2025_WebTables.What_is_a_WebTable -->
