<?xml version="1.0" encoding="UTF-8"?>
<!-- Generated by org.testng.reporters.JUnitReportReporter -->
<testsuite hostname="SarthakDell" failures="0" tests="5" name="com.automation.Day14_Mar_18th_2025_TestNG_Assertions_in_TestNG.Assert_TN_Login" time="5.917" errors="0" timestamp="2025-03-18T22:24:50 EDT" skipped="4">
  <testcase classname="com.automation.Day14_Mar_18th_2025_TestNG_Assertions_in_TestNG.Assert_TN_Login" name="verifyLoginWithNoCredentials" time="5.917"/>
  <testcase classname="com.automation.Day14_Mar_18th_2025_TestNG_Assertions_in_TestNG.Assert_TN_Login" name="verifyLoginWithValidCredentials">
    <skipped/>
  </testcase> <!-- verifyLoginWithValidCredentials -->
  <testcase classname="com.automation.Day14_Mar_18th_2025_TestNG_Assertions_in_TestNG.Assert_TN_Login" name="verifyLoginWithInvalidCredentials">
    <skipped/>
  </testcase> <!-- verifyLoginWithInvalidCredentials -->
  <testcase classname="com.automation.Day14_Mar_18th_2025_TestNG_Assertions_in_TestNG.Assert_TN_Login" name="verifyLoginWithInvalidEmailValidPassword">
    <skipped/>
  </testcase> <!-- verifyLoginWithInvalidEmailValidPassword -->
  <testcase classname="com.automation.Day14_Mar_18th_2025_TestNG_Assertions_in_TestNG.Assert_TN_Login" name="verifyLoginWithValidEmailInvalidPassword">
    <skipped/>
  </testcase> <!-- verifyLoginWithValidEmailInvalidPassword -->
</testsuite> <!-- com.automation.Day14_Mar_18th_2025_TestNG_Assertions_in_TestNG.Assert_TN_Login -->
