<?xml version="1.0" encoding="UTF-8"?>
<!-- Generated by org.testng.reporters.JUnitReportReporter -->
<testsuite hostname="SarthakDell" failures="0" tests="1" name="com.automation.Day16_Mar_25th_2025_ChromeOptions.Topic1_Chrome_Options" time="6.083" errors="0" timestamp="2025-03-25T20:32:49 EDT" skipped="0">
  <testcase classname="com.automation.Day16_Mar_25th_2025_ChromeOptions.Topic1_Chrome_Options" name="launchApplication" time="6.083"/>
</testsuite> <!-- com.automation.Day16_Mar_25th_2025_ChromeOptions.Topic1_Chrome_Options -->
