<?xml version="1.0" encoding="UTF-8"?>
<!-- Generated by org.testng.reporters.JUnitReportReporter -->
<testsuite hostname="SarthakDell" failures="0" tests="1" name="com.automation.Day18_Apr_1st_2025_Actions_Class.Mouse_Actions" time="3.248" errors="0" timestamp="2025-04-01T22:07:36 EDT" skipped="0">
  <testcase classname="com.automation.Day18_Apr_1st_2025_Actions_Class.Mouse_Actions" name="dragAndDropForTwoEntities" time="3.248"/>
</testsuite> <!-- com.automation.Day18_Apr_1st_2025_Actions_Class.Mouse_Actions -->
