<?xml version="1.0" encoding="UTF-8"?>
<!-- Generated by org.testng.reporters.JUnitReportReporter -->
<testsuite hostname="SarthakDell" failures="0" tests="1" name="com.automation.Day16_Mar_25th_2025_Alerts_PopUps.Handling_Alert" time="7.898" errors="0" timestamp="2025-03-25T20:58:07 EDT" skipped="0">
  <testcase classname="com.automation.Day16_Mar_25th_2025_Alerts_PopUps.Handling_Alert" name="rediffAlert" time="7.898"/>
</testsuite> <!-- com.automation.Day16_Mar_25th_2025_Alerts_PopUps.Handling_Alert -->
