<?xml version="1.0" encoding="UTF-8"?>
<!-- Generated by org.testng.reporters.JUnitReportReporter -->
<testsuite hostname="SarthakDell" failures="0" tests="1" name="com.automation.Day18_Apr_1st_2025_Actions_Keyboard.Keyboard_Actions" time="7.696" errors="0" timestamp="2025-04-02T18:36:55 EDT" skipped="0">
  <testcase classname="com.automation.Day18_Apr_1st_2025_Actions_Keyboard.Keyboard_Actions" name="loginTutorialsNinja" time="7.696"/>
</testsuite> <!-- com.automation.Day18_Apr_1st_2025_Actions_Keyboard.Keyboard_Actions -->
