<?xml version="1.0" encoding="UTF-8"?>
<!-- Generated by org.testng.reporters.JUnitReportReporter -->
<testsuite hostname="SarthakDell" failures="0" tests="2" name="com.automation.Day15_Mar_19th_2025_TestNG_Parameterization.Topic1_TN" time="17.453" errors="0" timestamp="2025-03-19T22:02:43 EDT" skipped="0">
  <testcase classname="com.automation.Day15_Mar_19th_2025_TestNG_Parameterization.Topic1_TN" name="loginTest" time="7.303"/>
  <testcase classname="com.automation.Day15_Mar_19th_2025_TestNG_Parameterization.Topic1_TN" name="resgisterTest" time="10.150"/>
</testsuite> <!-- com.automation.Day15_Mar_19th_2025_TestNG_Parameterization.Topic1_TN -->
