<?xml version="1.0" encoding="UTF-8"?>
<!-- Generated by org.testng.reporters.JUnitReportReporter -->
<testsuite hostname="SarthakDell" failures="0" tests="1" name="com.automation.Day19_Apr_2nd_2025_Multiple_WebElements.ResponseCode" time="5.704" errors="0" timestamp="2025-04-02T19:45:06 EDT" skipped="0">
  <testcase classname="com.automation.Day19_Apr_2nd_2025_Multiple_WebElements.ResponseCode" name="bbcHomePage" time="5.704"/>
</testsuite> <!-- com.automation.Day19_Apr_2nd_2025_Multiple_WebElements.ResponseCode -->
