<?xml version="1.0" encoding="UTF-8"?>
<!-- Generated by org.testng.reporters.JUnitReportReporter -->
<testsuite hostname="SarthakDell" failures="0" tests="4" name="com.automation.Day14_Mar_18th_2025_TestNG_Intermediary.Topic1_Enabling_Disabling_TestCases" time="0.015" errors="0" timestamp="2025-03-18T21:42:18 EDT" skipped="1">
  <testcase classname="com.automation.Day14_Mar_18th_2025_TestNG_Intermediary.Topic1_Enabling_Disabling_TestCases" name="logic1" time="0.011"/>
  <testcase classname="com.automation.Day14_Mar_18th_2025_TestNG_Intermediary.Topic1_Enabling_Disabling_TestCases" name="logic3" time="0.001"/>
  <testcase classname="com.automation.Day14_Mar_18th_2025_TestNG_Intermediary.Topic1_Enabling_Disabling_TestCases" name="logic4" time="0.003"/>
  <testcase classname="com.automation.Day14_Mar_18th_2025_TestNG_Intermediary.Topic1_Enabling_Disabling_TestCases" name="logic2">
    <skipped/>
  </testcase> <!-- logic2 -->
</testsuite> <!-- com.automation.Day14_Mar_18th_2025_TestNG_Intermediary.Topic1_Enabling_Disabling_TestCases -->
