<?xml version="1.0" encoding="UTF-8"?>
<!-- Generated by org.testng.reporters.JUnitReportReporter -->
<testsuite hostname="SarthakDell" failures="0" tests="5" name="com.automation.Day15_Mar_19th_2025_TestNG_Batch_Execution.Login_TN" time="6.801" errors="0" timestamp="2025-03-19T21:26:19 EDT" skipped="4">
  <testcase classname="com.automation.Day15_Mar_19th_2025_TestNG_Batch_Execution.Login_TN" name="verifyLoginWithNoCredentials" time="6.801"/>
  <testcase classname="com.automation.Day15_Mar_19th_2025_TestNG_Batch_Execution.Login_TN" name="verifyLoginWithValidCredentials">
    <skipped/>
  </testcase> <!-- verifyLoginWithValidCredentials -->
  <testcase classname="com.automation.Day15_Mar_19th_2025_TestNG_Batch_Execution.Login_TN" name="verifyLoginWithInvalidCredentials">
    <skipped/>
  </testcase> <!-- verifyLoginWithInvalidCredentials -->
  <testcase classname="com.automation.Day15_Mar_19th_2025_TestNG_Batch_Execution.Login_TN" name="verifyLoginWithValidEmailInvalidPassword">
    <skipped/>
  </testcase> <!-- verifyLoginWithValidEmailInvalidPassword -->
  <testcase classname="com.automation.Day15_Mar_19th_2025_TestNG_Batch_Execution.Login_TN" name="verifyLoginWithInvalidEmailValidPassword">
    <skipped/>
  </testcase> <!-- verifyLoginWithInvalidEmailValidPassword -->
</testsuite> <!-- com.automation.Day15_Mar_19th_2025_TestNG_Batch_Execution.Login_TN -->
