<?xml version="1.0" encoding="UTF-8"?>
<!-- Generated by org.testng.reporters.JUnitReportReporter -->
<testsuite hostname="SarthakDell" failures="0" tests="1" name="com.automation.Day17_Mar_26th_2025_Wait_Conditions.Types_Of_Wait" time="4.121" errors="0" timestamp="2025-03-26T20:57:52 EDT" skipped="0">
  <testcase classname="com.automation.Day17_Mar_26th_2025_Wait_Conditions.Types_Of_Wait" name="applyingExplicitWait" time="4.121"/>
</testsuite> <!-- com.automation.Day17_Mar_26th_2025_Wait_Conditions.Types_Of_Wait -->
