<?xml version="1.0" encoding="UTF-8"?>
<!-- Generated by org.testng.reporters.JUnitReportReporter -->
<testsuite hostname="SarthakDell" failures="0" tests="1" name="com.automation.Day18_Apr_1st_2025_Brave_Browser.Brave_Browser" time="6.654" errors="0" timestamp="2025-04-01T21:31:37 EDT" skipped="0">
  <testcase classname="com.automation.Day18_Apr_1st_2025_Brave_Browser.Brave_Browser" name="setupInBraveBrowser" time="6.654"/>
</testsuite> <!-- com.automation.Day18_Apr_1st_2025_Brave_Browser.Brave_Browser -->
