<?xml version="1.0" encoding="UTF-8"?>
<!-- Generated by org.testng.reporters.JUnitReportReporter -->
<testsuite hostname="SarthakDell" failures="0" tests="1" name="com.automation.Day19_Apr_2nd_2025_Multiple_WebElements.Topic2_Flipkart" time="6.571" errors="0" timestamp="2025-04-02T19:08:25 EDT" skipped="0">
  <testcase classname="com.automation.Day19_Apr_2nd_2025_Multiple_WebElements.Topic2_Flipkart" name="flipKart" time="6.571"/>
</testsuite> <!-- com.automation.Day19_Apr_2nd_2025_Multiple_WebElements.Topic2_Flipkart -->
