<?xml version="1.0" encoding="UTF-8"?>
<!-- Generated by org.testng.reporters.JUnitReportReporter -->
<testsuite hostname="SarthakDell" failures="0" tests="3" name="com.automation.Day18_Apr_1st_2025_Application_of_OOPs_in_Automation.SearchTest" time="14.627" errors="0" timestamp="2025-04-01T20:40:21 EDT" skipped="0">
  <testcase classname="com.automation.Day18_Apr_1st_2025_Application_of_OOPs_in_Automation.SearchTest" name="verifySearchOfValidProduct" time="4.939"/>
  <testcase classname="com.automation.Day18_Apr_1st_2025_Application_of_OOPs_in_Automation.SearchTest" name="verifySearchOfInvalidProduct" time="4.948"/>
  <testcase classname="com.automation.Day18_Apr_1st_2025_Application_of_OOPs_in_Automation.SearchTest" name="verifySearchOfNoProduct" time="4.740"/>
</testsuite> <!-- com.automation.Day18_Apr_1st_2025_Application_of_OOPs_in_Automation.SearchTest -->
