<?xml version="1.0" encoding="UTF-8"?>
<!-- Generated by org.testng.reporters.JUnitReportReporter -->
<testsuite hostname="SarthakDell" failures="0" tests="1" name="com.automation.Day16_Mar_25th_2025_ToolTip_Latest.ToolTipAutomation" time="7.521" errors="0" timestamp="2025-03-25T21:32:46 EDT" skipped="0">
  <testcase classname="com.automation.Day16_Mar_25th_2025_ToolTip_Latest.ToolTipAutomation" name="rediffHomePage" time="7.521"/>
</testsuite> <!-- com.automation.Day16_Mar_25th_2025_ToolTip_Latest.ToolTipAutomation -->
