<?xml version="1.0" encoding="UTF-8"?>
<!-- Generated by org.testng.reporters.JUnitReportReporter -->
<testsuite hostname="SarthakDell" failures="0" tests="5" name="com.automation.Day19_Apr_2nd_2025_Recording.LoginTest" time="33.928" errors="0" timestamp="2025-04-02T20:43:32 EDT" skipped="0">
  <testcase classname="com.automation.Day19_Apr_2nd_2025_Recording.LoginTest" name="verifyLoginWithValidCredentials" time="7.137"/>
  <testcase classname="com.automation.Day19_Apr_2nd_2025_Recording.LoginTest" name="verifyLoginWithInvalidEmailValidPassword" time="6.646"/>
  <testcase classname="com.automation.Day19_Apr_2nd_2025_Recording.LoginTest" name="verifyLoginWithValidEmailInvalidPassword" time="6.977"/>
  <testcase classname="com.automation.Day19_Apr_2nd_2025_Recording.LoginTest" name="verifyLoginWithValidInvalidCredentials" time="6.870"/>
  <testcase classname="com.automation.Day19_Apr_2nd_2025_Recording.LoginTest" name="verifyLoginWithValidNoCredentials" time="6.298"/>
</testsuite> <!-- com.automation.Day19_Apr_2nd_2025_Recording.LoginTest -->
