<?xml version="1.0" encoding="UTF-8"?>
<!-- Generated by org.testng.reporters.JUnitReportReporter -->
<testsuite hostname="SarthakDell" failures="0" tests="5" name="com.automation.Day18_Apr_1st_2025_Application_of_OOPs_in_Automation.RegisterTest" time="35.896" errors="0" timestamp="2025-04-01T20:40:21 EDT" skipped="0">
  <testcase classname="com.automation.Day18_Apr_1st_2025_Application_of_OOPs_in_Automation.RegisterTest" name="verifyRegisterWithMandatoryDetails" time="7.007"/>
  <testcase classname="com.automation.Day18_Apr_1st_2025_Application_of_OOPs_in_Automation.RegisterTest" name="verifyRegisterWithAllDetails" time="7.207"/>
  <testcase classname="com.automation.Day18_Apr_1st_2025_Application_of_OOPs_in_Automation.RegisterTest" name="verifyRegisterWithExistingEmail" time="7.619"/>
  <testcase classname="com.automation.Day18_Apr_1st_2025_Application_of_OOPs_in_Automation.RegisterTest" name="verifyRegisterWithIncorrectConfirmPasswored" time="6.177"/>
  <testcase classname="com.automation.Day18_Apr_1st_2025_Application_of_OOPs_in_Automation.RegisterTest" name="verifyRegisterWithNoDetails" time="7.886"/>
</testsuite> <!-- com.automation.Day18_Apr_1st_2025_Application_of_OOPs_in_Automation.RegisterTest -->
