<?xml version="1.0" encoding="UTF-8"?>
<!-- Generated by org.testng.reporters.JUnitReportReporter -->
<testsuite hostname="SarthakDell" failures="0" tests="2" name="com.automation.Day13_Mar_12th_2025_TestNG_Introduction.Topic6_Prioritizing_Test_Cases" time="15.530" errors="0" timestamp="2025-03-12T22:33:16 EDT" skipped="0">
  <testcase classname="com.automation.Day13_Mar_12th_2025_TestNG_Introduction.Topic6_Prioritizing_Test_Cases" name="verifyLoginWithInvalidCredentials" time="8.476"/>
  <testcase classname="com.automation.Day13_Mar_12th_2025_TestNG_Introduction.Topic6_Prioritizing_Test_Cases" name="verifyLoginWithValidCredentials" time="7.054"/>
</testsuite> <!-- com.automation.Day13_Mar_12th_2025_TestNG_Introduction.Topic6_Prioritizing_Test_Cases -->
