<?xml version="1.0" encoding="UTF-8"?>
<!-- Generated by org.testng.reporters.JUnitReportReporter -->
<testsuite hostname="SarthakDell" failures="0" tests="1" name="com.automation.Day16_Mar_25th_2025_File_Handling.Reading_Properties_file" time="6.668" errors="0" timestamp="2025-03-25T22:03:31 EDT" skipped="0">
  <testcase classname="com.automation.Day16_Mar_25th_2025_File_Handling.Reading_Properties_file" name="launchApplication" time="6.668"/>
</testsuite> <!-- com.automation.Day16_Mar_25th_2025_File_Handling.Reading_Properties_file -->
