<?xml version="1.0" encoding="UTF-8"?>
<!-- Generated by org.testng.reporters.JUnitReportReporter -->
<testsuite hostname="SarthakDell" failures="0" tests="1" name="com.automation.Day19_Apr_2nd_2025_Multiple_WebElements.StaleElementReferenceException_Topic" time="81.930" errors="0" timestamp="2025-04-02T19:27:29 EDT" skipped="0">
  <testcase classname="com.automation.Day19_Apr_2nd_2025_Multiple_WebElements.StaleElementReferenceException_Topic" name="bbcHomePage" time="81.930"/>
</testsuite> <!-- com.automation.Day19_Apr_2nd_2025_Multiple_WebElements.StaleElementReferenceException_Topic -->
