<?xml version="1.0" encoding="UTF-8"?>
<!-- Generated by org.testng.reporters.JUnitReportReporter -->
<testsuite hostname="SarthakDell" failures="0" tests="1" name="com.automation.Day17_Mar_26th_2025_DateTimeStamp.TimeStamp" time="0.029" errors="0" timestamp="2025-03-26T18:27:15 EDT" skipped="0">
  <testcase classname="com.automation.Day17_Mar_26th_2025_DateTimeStamp.TimeStamp" name="dateTimeStamp" time="0.029"/>
</testsuite> <!-- com.automation.Day17_Mar_26th_2025_DateTimeStamp.TimeStamp -->
