<?xml version="1.0" encoding="UTF-8"?>
<!-- Generated by org.testng.reporters.JUnitReportReporter -->
<testsuite hostname="SarthakDell" failures="0" tests="5" name="com.automation.Day13_Mar_12th_2025_TestNG_Introduction.Topic4_TriCombo" time="0.030" errors="0" timestamp="2025-03-12T22:17:52 EDT" skipped="0">
  <testcase classname="com.automation.Day13_Mar_12th_2025_TestNG_Introduction.Topic4_TriCombo" name="testCase1" time="0.013"/>
  <testcase classname="com.automation.Day13_Mar_12th_2025_TestNG_Introduction.Topic4_TriCombo" name="testCase5" time="0.002"/>
  <testcase classname="com.automation.Day13_Mar_12th_2025_TestNG_Introduction.Topic4_TriCombo" name="testCase4" time="0.005"/>
  <testcase classname="com.automation.Day13_Mar_12th_2025_TestNG_Introduction.Topic4_TriCombo" name="testCase3" time="0.005"/>
  <testcase classname="com.automation.Day13_Mar_12th_2025_TestNG_Introduction.Topic4_TriCombo" name="testCase2" time="0.005"/>
</testsuite> <!-- com.automation.Day13_Mar_12th_2025_TestNG_Introduction.Topic4_TriCombo -->
