<?xml version="1.0" encoding="UTF-8"?>
<!-- Generated by org.testng.reporters.JUnitReportReporter -->
<testsuite hostname="SarthakDell" failures="0" tests="1" name="com.automation.Day16_Mar_25th_2025_Screenshots.OpenWeatherMap" time="10.266" errors="0" timestamp="2025-03-25T21:44:48 EDT" skipped="0">
  <testcase classname="com.automation.Day16_Mar_25th_2025_Screenshots.OpenWeatherMap" name="screenShotCode" time="10.266"/>
</testsuite> <!-- com.automation.Day16_Mar_25th_2025_Screenshots.OpenWeatherMap -->
