<?xml version="1.0" encoding="UTF-8"?>
<!-- Generated by org.testng.reporters.JUnitReportReporter -->
<testsuite hostname="SarthakDell" failures="0" tests="1" name="com.automation.Day20_Apr_8th_2025_Calendar.Example1" time="12.353" errors="0" timestamp="2025-04-08T20:32:02 EDT" skipped="0">
  <testcase classname="com.automation.Day20_Apr_8th_2025_Calendar.Example1" name="datePicker" time="12.353"/>
</testsuite> <!-- com.automation.Day20_Apr_8th_2025_Calendar.Example1 -->
