<?xml version="1.0" encoding="UTF-8"?>
<!-- Generated by org.testng.reporters.JUnitReportReporter -->
<testsuite hostname="SarthakDell" failures="0" tests="2" name="com.automation.Day13_Mar_12th_2025_TestNG_Introduction.Topic2_TestNG_Annotations" time="0.024" errors="0" timestamp="2025-03-12T21:17:04 EDT" skipped="0">
  <testcase classname="com.automation.Day13_Mar_12th_2025_TestNG_Introduction.Topic2_TestNG_Annotations" name="testCase2" time="0.003"/>
  <testcase classname="com.automation.Day13_Mar_12th_2025_TestNG_Introduction.Topic2_TestNG_Annotations" name="testCase1" time="0.021"/>
</testsuite> <!-- com.automation.Day13_Mar_12th_2025_TestNG_Introduction.Topic2_TestNG_Annotations -->
