<?xml version="1.0" encoding="UTF-8"?>
<!-- Generated by org.testng.reporters.JUnitReportReporter -->
<testsuite hostname="SarthakDell" failures="0" tests="1" name="com.automation.Day19_Apr_2nd_2025_Multiple_WebElements.Topic1_Handling_Multiple_Elements" time="14.988" errors="0" timestamp="2025-04-02T18:58:26 EDT" skipped="0">
  <testcase classname="com.automation.Day19_Apr_2nd_2025_Multiple_WebElements.Topic1_Handling_Multiple_Elements" name="bbcDotCom" time="14.988"/>
</testsuite> <!-- com.automation.Day19_Apr_2nd_2025_Multiple_WebElements.Topic1_Handling_Multiple_Elements -->
