<?xml version="1.0" encoding="UTF-8"?>
<!-- Generated by org.testng.reporters.JUnitReportReporter -->
<testsuite hostname="SarthakDell" failures="0" tests="1" name="com.automation.Day18_Apr_1st_2025_Zoom_in_out.Zoom" time="5.725" errors="0" timestamp="2025-04-01T21:43:12 EDT" skipped="0">
  <testcase classname="com.automation.Day18_Apr_1st_2025_Zoom_in_out.Zoom" name="zoomUsingChromeOptions" time="5.725"/>
</testsuite> <!-- com.automation.Day18_Apr_1st_2025_Zoom_in_out.Zoom -->
