<?xml version="1.0" encoding="UTF-8"?>
<!-- Generated by org.testng.reporters.JUnitReportReporter -->
<testsuite hostname="SarthakDell" failures="0" tests="5" name="com.automation.Day18_Apr_1st_2025_Application_of_OOPs_in_Automation.RegisterTest" time="38.892" errors="0" timestamp="2025-04-09T21:40:51 EDT" skipped="0">
  <testcase classname="com.automation.Day18_Apr_1st_2025_Application_of_OOPs_in_Automation.RegisterTest" name="verifyRegisterWithMandatoryDetails" time="9.273"/>
  <testcase classname="com.automation.Day18_Apr_1st_2025_Application_of_OOPs_in_Automation.RegisterTest" name="verifyRegisterWithAllDetails" time="7.938"/>
  <testcase classname="com.automation.Day18_Apr_1st_2025_Application_of_OOPs_in_Automation.RegisterTest" name="verifyRegisterWithExistingEmail" time="7.332"/>
  <testcase classname="com.automation.Day18_Apr_1st_2025_Application_of_OOPs_in_Automation.RegisterTest" name="verifyRegisterWithIncorrectConfirmPasswored" time="7.485"/>
  <testcase classname="com.automation.Day18_Apr_1st_2025_Application_of_OOPs_in_Automation.RegisterTest" name="verifyRegisterWithNoDetails" time="6.864"/>
</testsuite> <!-- com.automation.Day18_Apr_1st_2025_Application_of_OOPs_in_Automation.RegisterTest -->
