<?xml version="1.0" encoding="UTF-8"?>
<!-- Generated by org.testng.reporters.JUnitReportReporter -->
<testsuite hostname="SarthakDell" failures="0" tests="5" name="com.automation.Day18_Apr_1st_2025_Application_of_OOPs_in_Automation.LoginTest" time="33.067" errors="0" timestamp="2025-04-09T21:40:51 EDT" skipped="0">
  <testcase classname="com.automation.Day18_Apr_1st_2025_Application_of_OOPs_in_Automation.LoginTest" name="verifyLoginWithValidCredentials" time="6.691"/>
  <testcase classname="com.automation.Day18_Apr_1st_2025_Application_of_OOPs_in_Automation.LoginTest" name="verifyLoginWithInvalidEmailValidPassword" time="7.571"/>
  <testcase classname="com.automation.Day18_Apr_1st_2025_Application_of_OOPs_in_Automation.LoginTest" name="verifyLoginWithValidEmailInvalidPassword" time="6.461"/>
  <testcase classname="com.automation.Day18_Apr_1st_2025_Application_of_OOPs_in_Automation.LoginTest" name="verifyLoginWithValidNoCredentials" time="5.764"/>
  <testcase classname="com.automation.Day18_Apr_1st_2025_Application_of_OOPs_in_Automation.LoginTest" name="verifyLoginWithValidInvalidCredentials" time="6.580"/>
</testsuite> <!-- com.automation.Day18_Apr_1st_2025_Application_of_OOPs_in_Automation.LoginTest -->
