<?xml version="1.0" encoding="UTF-8"?>
<!-- Generated by org.testng.reporters.JUnitReportReporter -->
<testsuite hostname="SarthakDell" failures="0" tests="3" name="com.automation.Day18_Apr_1st_2025_Application_of_OOPs_in_Automation.SearchTest" time="14.509" errors="0" timestamp="2025-04-09T21:40:51 EDT" skipped="0">
  <testcase classname="com.automation.Day18_Apr_1st_2025_Application_of_OOPs_in_Automation.SearchTest" name="verifySearchOfValidProduct" time="5.095"/>
  <testcase classname="com.automation.Day18_Apr_1st_2025_Application_of_OOPs_in_Automation.SearchTest" name="verifySearchOfInvalidProduct" time="4.789"/>
  <testcase classname="com.automation.Day18_Apr_1st_2025_Application_of_OOPs_in_Automation.SearchTest" name="verifySearchOfNoProduct" time="4.625"/>
</testsuite> <!-- com.automation.Day18_Apr_1st_2025_Application_of_OOPs_in_Automation.SearchTest -->
